<?xml version="1.0" encoding="UTF-8"?>
<testsuite xmlns:xsi="http://www.w3.org/2001/XMLSchema-instance" xsi:noNamespaceSchemaLocation="https://maven.apache.org/surefire/maven-surefire-plugin/xsd/surefire-test-report-3.0.xsd" version="3.0" name="com.lab6.QuadraticEquationTest" time="0.114" tests="4" errors="0" skipped="0" failures="0">
  <properties>
[...]
</properties>
  <testcase name="determineRootNature_limitedEntryDecisionTable(int, int, int, RootNature)[1]" classname="com.lab6.QuadraticEquationTest" time="0.044"/>
  <testcase name="determineRootNature_limitedEntryDecisionTable(int, int, int, RootNature)[2]" classname="com.lab6.QuadraticEquationTest" time="0.001"/>
  <testcase name="determineRootNature_limitedEntryDecisionTable(int, int, int, RootNature)[3]" classname="com.lab6.QuadraticEquationTest" time="0.001"/>
  <testcase name="determineRootNature_limitedEntryDecisionTable(int, int, int, RootNature)[4]" classname="com.lab6.QuadraticEquationTest" time="0.0"/>
</testsuite>